<?xml version="1.0" encoding="UTF-8"?>
<testng-results total="1" passed="1" failed="0" skipped="0">
  <reporter-output>
  </reporter-output>
  <suite started-at="2019-09-23T06:56:15Z" name="Default suite" finished-at="2019-09-23T06:56:33Z" duration-ms="17858">
    <groups>
    </groups>
    <test started-at="2019-09-23T06:56:15Z" name="Default test" finished-at="2019-09-23T06:56:33Z" duration-ms="17858">
      <class name="MavenJenkinsIntt23090642.MavenJenkinsIntt23090642.Test1">
        <test-method signature="test1()[pri:0, instance:MavenJenkinsIntt23090642.MavenJenkinsIntt23090642.Test1@58c1c010]" started-at="2019-09-23T06:56:16Z" name="test1" finished-at="2019-09-23T06:56:33Z" duration-ms="17839" status="PASS">
        </test-method>
      </class>
    </test>
  </suite>
</testng-results>
